<?xml version="1.0" encoding="UTF-8"?>
<!-- Generated by org.testng.reporters.JUnitXMLReporter -->
<testsuite hostname="Timothys-MacBook-Pro.local" name="Test" tests="5" failures="0" timestamp="24 Jan 2018 21:14:39 GMT" time="53.576" errors="0">
  <testcase name="basePageNavigation" time="17.804" classname="Academy.HomePage"/>
  <testcase name="basePageNavigation" time="14.727" classname="Academy.HomePage"/>
  <testcase name="basePageNavigation" time="10.18" classname="Academy.validateTitle"/>
  <testcase name="testApp" time="0.002" classname="Academy.AppTest"/>
  <testcase name="basePageNavigation" time="10.398" classname="Academy.validateNavBar"/>
</testsuite> <!-- Test -->
