<?xml version="1.0" encoding="UTF-8"?>
<testng-results skipped="0" failed="0" ignored="1" total="4" passed="3">
  <reporter-output>
  </reporter-output>
  <suite name="Default suite" duration-ms="64" started-at="2017-12-26T06:57:53Z" finished-at="2017-12-26T06:57:53Z">
    <groups>
    </groups>
    <test name="Default test" duration-ms="64" started-at="2017-12-26T06:57:53Z" finished-at="2017-12-26T06:57:53Z">
      <class name="Framework.testNG.prioritizing_test">
        <test-method status="PASS" signature="SecondTest()[pri:0, instance:Framework.testNG.prioritizing_test@27a5f880]" name="SecondTest" duration-ms="10" started-at="2017-12-25T23:57:53Z" finished-at="2017-12-25T23:57:53Z">
          <reporter-output>
          </reporter-output>
        </test-method> <!-- SecondTest -->
        <test-method status="PASS" signature="FourthTest()[pri:0, instance:Framework.testNG.prioritizing_test@27a5f880]" name="FourthTest" duration-ms="13" started-at="2017-12-25T23:57:53Z" finished-at="2017-12-25T23:57:53Z">
          <reporter-output>
          </reporter-output>
        </test-method> <!-- FourthTest -->
        <test-method status="PASS" signature="FirstTest()[pri:0, instance:Framework.testNG.prioritizing_test@27a5f880]" name="FirstTest" duration-ms="2" started-at="2017-12-25T23:57:53Z" depends-on-methods="Framework.testNG.prioritizing_test.SecondTest" finished-at="2017-12-25T23:57:53Z">
          <reporter-output>
          </reporter-output>
        </test-method> <!-- FirstTest -->
      </class> <!-- Framework.testNG.prioritizing_test -->
    </test> <!-- Default test -->
  </suite> <!-- Default suite -->
</testng-results>
