<?xml version="1.0" encoding="UTF-8"?>
<!-- Generated by org.testng.reporters.JUnitXMLReporter -->
<testsuite hostname="Timothys-MacBook-Pro.local" ignored="0" name="Test" tests="6" failures="0" timestamp="29 Dec 2017 00:45:11 GMT" time="0.16" errors="0">
  <testcase name="BrowserAutomation" time="0.018" classname="com.mycompany.app.SeleniumTest"/>
  <testcase name="ElementsUI" time="0.005" classname="com.mycompany.app.SeleniumTest"/>
  <testcase name="deleteTwitter" time="0.01" classname="com.mycompany.app.RESTAPITest"/>
  <testcase name="postJira" time="0.012" classname="com.mycompany.app.RESTAPITest"/>
  <testcase name="IOSApps" time="0.016" classname="com.mycompany.app.AppiumTest"/>
  <testcase name="NativeAppAndroid" time="0.023" classname="com.mycompany.app.AppiumTest"/>
</testsuite> <!-- Test -->
