<?xml version="1.0" encoding="UTF-8"?>
<testng-results skipped="0" failed="0" ignored="0" total="1" passed="1">
  <reporter-output>
  </reporter-output>
  <suite name="Default suite" duration-ms="7513" started-at="2017-12-27T21:39:56Z" finished-at="2017-12-27T21:40:03Z">
    <groups>
    </groups>
    <test name="Default test" duration-ms="7513" started-at="2017-12-27T21:39:56Z" finished-at="2017-12-27T21:40:03Z">
      <class name="dataDriven.global_parameters">
        <test-method status="PASS" signature="Login()[pri:0, instance:dataDriven.global_parameters@536aaa8d]" name="Login" duration-ms="7487" started-at="2017-12-27T14:39:56Z" finished-at="2017-12-27T14:40:03Z">
          <reporter-output>
          </reporter-output>
        </test-method> <!-- Login -->
      </class> <!-- dataDriven.global_parameters -->
    </test> <!-- Default test -->
  </suite> <!-- Default suite -->
</testng-results>
