<?xml version="1.0" encoding="UTF-8"?>
<testng-results skipped="0" failed="0" ignored="0" total="1" passed="1">
  <reporter-output>
  </reporter-output>
  <suite name="Default suite" duration-ms="22328" started-at="2018-01-14T20:41:45Z" finished-at="2018-01-14T20:42:07Z">
    <groups>
    </groups>
    <test name="Default test" duration-ms="22328" started-at="2018-01-14T20:41:45Z" finished-at="2018-01-14T20:42:07Z">
      <class name="testCases.LoginApplication">
        <test-method status="PASS" signature="Login()[pri:0, instance:testCases.LoginApplication@1e965684]" name="Login" duration-ms="22273" started-at="2018-01-14T13:41:45Z" finished-at="2018-01-14T13:42:07Z">
          <reporter-output>
          </reporter-output>
        </test-method> <!-- Login -->
      </class> <!-- testCases.LoginApplication -->
    </test> <!-- Default test -->
  </suite> <!-- Default suite -->
</testng-results>
