<?xml version="1.0" encoding="UTF-8"?>
<testng-results skipped="0" failed="0" total="2" passed="2">
  <reporter-output>
  </reporter-output>
  <suite name="Default suite" duration-ms="22686" started-at="2018-01-24T21:50:14Z" finished-at="2018-01-24T21:50:36Z">
    <groups>
    </groups>
    <test name="Default test" duration-ms="22686" started-at="2018-01-24T21:50:14Z" finished-at="2018-01-24T21:50:36Z">
      <class name="Academy.HomePage">
        <test-method status="PASS" signature="initialize()[pri:0, instance:Academy.HomePage@3c9d0b9d]" name="initialize" is-config="true" duration-ms="1666" started-at="2018-01-24T14:50:14Z" finished-at="2018-01-24T14:50:15Z">
          <reporter-output>
          </reporter-output>
        </test-method> <!-- initialize -->
        <test-method status="PASS" signature="basePageNavigation(java.lang.String, java.lang.String, java.lang.String)[pri:0, instance:Academy.HomePage@3c9d0b9d]" name="basePageNavigation" duration-ms="12553" started-at="2018-01-24T14:50:15Z" data-provider="getData" finished-at="2018-01-24T14:50:28Z">
          <params>
            <param index="0">
              <value>
                <![CDATA[jamal@qw.com]]>
              </value>
            </param>
            <param index="1">
              <value>
                <![CDATA[jamals password]]>
              </value>
            </param>
            <param index="2">
              <value>
                <![CDATA[Restricted User]]>
              </value>
            </param>
          </params>
          <reporter-output>
          </reporter-output>
        </test-method> <!-- basePageNavigation -->
        <test-method status="PASS" signature="basePageNavigation(java.lang.String, java.lang.String, java.lang.String)[pri:0, instance:Academy.HomePage@3c9d0b9d]" name="basePageNavigation" duration-ms="8344" started-at="2018-01-24T14:50:28Z" data-provider="getData" finished-at="2018-01-24T14:50:36Z">
          <params>
            <param index="0">
              <value>
                <![CDATA[restricteduser@qw.com]]>
              </value>
            </param>
            <param index="1">
              <value>
                <![CDATA[password]]>
              </value>
            </param>
            <param index="2">
              <value>
                <![CDATA[Non Restricted User]]>
              </value>
            </param>
          </params>
          <reporter-output>
          </reporter-output>
        </test-method> <!-- basePageNavigation -->
        <test-method status="PASS" signature="tearDown()[pri:0, instance:Academy.HomePage@3c9d0b9d]" name="tearDown" is-config="true" duration-ms="102" started-at="2018-01-24T14:50:36Z" finished-at="2018-01-24T14:50:36Z">
          <reporter-output>
          </reporter-output>
        </test-method> <!-- tearDown -->
      </class> <!-- Academy.HomePage -->
    </test> <!-- Default test -->
  </suite> <!-- Default suite -->
</testng-results>
