<?xml version="1.0" encoding="UTF-8"?>
<!-- Generated by org.testng.reporters.JUnitXMLReporter -->
<testsuite hostname="Timothys-MacBook-Pro.local" ignored="0" name="Smoke TestCases" tests="4" failures="0" timestamp="27 Dec 2017 21:12:31 GMT" time="0.177" errors="0">
  <testcase name="FlightBooking" time="0.023" classname="dataDriven.parameterizing_data"/>
  <testcase name="UserID" time="0.003" classname="dataDriven.parameterizing_data"/>
  <testcase name="UserID" time="0.02" classname="dataDriven.parameterizing_data"/>
  <testcase name="UserID" time="0.012" classname="dataDriven.parameterizing_data"/>
</testsuite> <!-- Smoke TestCases -->
