<?xml version="1.0" encoding="UTF-8"?>
<!-- Generated by org.testng.reporters.JUnitXMLReporter -->
<testsuite hostname="Timothys-MacBook-Pro.local" ignored="1" name="Smoke-2 TestCases" tests="3" failures="0" timestamp="14 Jan 2018 04:56:57 GMT" time="0.033" errors="0">
  <testcase name="SecondTest" time="0.003" classname="Framework.testNG.prioritizing_test"/>
  <testcase name="FourthTest" time="0.015" classname="Framework.testNG.prioritizing_test"/>
  <testcase name="FirstTest" time="0.005" classname="Framework.testNG.prioritizing_test"/>
  <testcase name="ThirdTest" time="0.0" classname="Framework.testNG.prioritizing_test">
    <ignored/>
  </testcase> <!-- ThirdTest -->
</testsuite> <!-- Smoke-2 TestCases -->
