<?xml version="1.0" encoding="UTF-8"?>
<!-- Generated by org.testng.reporters.JUnitXMLReporter -->
<testsuite hostname="Timothys-MacBook-Pro.local" ignored="0" name="Smoke TestCases" tests="2" failures="1" timestamp="14 Jan 2018 04:56:57 GMT" time="0.069" errors="0">
  <testcase name="assignedSeat" time="0.014" classname="Framework.testNG.annotations_testNG">
    <failure type="java.lang.AssertionError">
      <![CDATA[java.lang.AssertionErrorat org.junit.Assert.fail(Assert.java:86)at org.junit.Assert.assertTrue(Assert.java:41)at org.junit.Assert.assertTrue(Assert.java:52)at Framework.testNG.annotations_testNG.assignedSeat(annotations_testNG.java:31)... Removed 25 stack frames]]>
    </failure>
  </testcase> <!-- assignedSeat -->
  <testcase name="flightBooking" time="0.002" classname="Framework.testNG.annotations_testNG"/>
</testsuite> <!-- Smoke TestCases -->
