<?xml version="1.0" encoding="UTF-8"?>
<!-- Generated by org.testng.reporters.JUnitXMLReporter -->
<testsuite hostname="Timothys-MacBook-Pro.local" ignored="1" name="Default test" tests="3" failures="0" timestamp="26 Dec 2017 06:57:53 GMT" time="0.064" errors="0">
  <testcase name="SecondTest" time="0.01" classname="Framework.testNG.prioritizing_test"/>
  <testcase name="FourthTest" time="0.013" classname="Framework.testNG.prioritizing_test"/>
  <testcase name="FirstTest" time="0.002" classname="Framework.testNG.prioritizing_test"/>
  <testcase name="ThirdTest" time="0.0" classname="Framework.testNG.prioritizing_test">
    <ignored/>
  </testcase> <!-- ThirdTest -->
</testsuite> <!-- Default test -->
